<?xml version="1.0" encoding="UTF-8"?>
<!-- Generated by org.testng.reporters.JUnitReportReporter -->
<testsuite skipped="0" hostname="LT-A0302" name="testng2.NewTest2" tests="1" failures="0" timestamp="2020-05-22T19:06:22 IST" time="31.454" errors="0">
  <testcase name="f" time="31.454" classname="testng2.NewTest2"/>
</testsuite> <!-- testng2.NewTest2 -->
