<?xml version="1.0" encoding="UTF-8"?>
<!-- Generated by org.testng.reporters.JUnitReportReporter -->
<testsuite skipped="0" hostname="LT-A0302" name="testng.NewTest" tests="1" failures="0" timestamp="2020-05-22T19:06:22 IST" time="0.062" errors="0">
  <testcase name="f" time="0.062" classname="testng.NewTest"/>
</testsuite> <!-- testng.NewTest -->
